<?xml version="1.0" encoding="UTF-8"?>
<robot generator="Robot 5.0.1 (Python 3.10.4 on win32)" generated="20221120 21:29:50.376" rpa="false" schemaversion="3">
<suite id="s1" name="Testcase" source="C:\Users\tayut\OneDrive\Desktop\Sea-M\Sea-M\sea-m\robot\testcase.robot">
<test id="s1-t1" name="Test Login" line="18">
<kw name="Open Browser" library="SeleniumLibrary">
<arg>${SERVER}</arg>
<arg>${BROWSER}</arg>
<doc>Opens a new browser instance to the optional ``url``.</doc>
<msg timestamp="20221120 21:29:52.158" level="INFO">Opening browser 'chrome' to base url 'http://localhost:3000'.</msg>
<status status="PASS" starttime="20221120 21:29:52.157" endtime="20221120 21:29:58.716"/>
</kw>
<kw name="Click Element" library="SeleniumLibrary">
<arg>id:login-button</arg>
<doc>Click the element identified by ``locator``.</doc>
<msg timestamp="20221120 21:29:58.720" level="INFO">Clicking element 'id:login-button'.</msg>
<status status="PASS" starttime="20221120 21:29:58.719" endtime="20221120 21:30:25.033"/>
</kw>
<kw name="Input Text" library="SeleniumLibrary">
<arg>id:login-username</arg>
<arg>${username_text}</arg>
<doc>Types the given ``text`` into the text field identified by ``locator``.</doc>
<msg timestamp="20221120 21:30:25.035" level="INFO">Typing text 'a5609khem@gmail.com' into text field 'id:login-username'.</msg>
<msg timestamp="20221120 21:30:25.041" level="WARN">Keyword 'Capture Page Screenshot' could not be run on failure: Message: no such window: target window already closed
from unknown error: web view not found
  (Session info: chrome=107.0.5304.107)
Stacktrace:
Backtrace:
	Ordinal0 [0x00901ED3+2236115]
	Ordinal0 [0x008992F1+1807089]
	Ordinal0 [0x007A66FD+812797]
	Ordinal0 [0x0078DFFA+712698]
	Ordinal0 [0x007F506B+1134699]
	Ordinal0 [0x0080514A+1200458]
	Ordinal0 [0x007F18A6+1120422]
	Ordinal0 [0x007CA73D+960317]
	Ordinal0 [0x007CB71F+964383]
	GetHandleVerifier [0x00BAE7E2+2743074]
	GetHandleVerifier [0x00BA08D4+2685972]
	GetHandleVerifier [0x00992BAA+532202]
	GetHandleVerifier [0x00991990+527568]
	Ordinal0 [0x008A080C+1837068]
	Ordinal0 [0x008A4CD8+1854680]
	Ordinal0 [0x008A4DC5+1854917]
	Ordinal0 [0x008AED64+1895780]
	BaseThreadInitThunk [0x770CFEF9+25]
	RtlGetAppContainerNamedObjectPath [0x774C7BBE+286]
	RtlGetAppContainerNamedObjectPath [0x774C7B8E+238]
</msg>
<msg timestamp="20221120 21:30:25.055" level="FAIL">NoSuchWindowException: Message: no such window: target window already closed
from unknown error: web view not found
  (Session info: chrome=107.0.5304.107)
Stacktrace:
Backtrace:
	Ordinal0 [0x00901ED3+2236115]
	Ordinal0 [0x008992F1+1807089]
	Ordinal0 [0x007A66FD+812797]
	Ordinal0 [0x0078DFFA+712698]
	Ordinal0 [0x007F506B+1134699]
	Ordinal0 [0x0080514A+1200458]
	Ordinal0 [0x007F18A6+1120422]
	Ordinal0 [0x007CA73D+960317]
	Ordinal0 [0x007CB71F+964383]
	GetHandleVerifier [0x00BAE7E2+2743074]
	GetHandleVerifier [0x00BA08D4+2685972]
	GetHandleVerifier [0x00992BAA+532202]
	GetHandleVerifier [0x00991990+527568]
	Ordinal0 [0x008A080C+1837068]
	Ordinal0 [0x008A4CD8+1854680]
	Ordinal0 [0x008A4DC5+1854917]
	Ordinal0 [0x008AED64+1895780]
	BaseThreadInitThunk [0x770CFEF9+25]
	RtlGetAppContainerNamedObjectPath [0x774C7BBE+286]
	RtlGetAppContainerNamedObjectPath [0x774C7B8E+238]
</msg>
<status status="FAIL" starttime="20221120 21:30:25.034" endtime="20221120 21:30:25.389"/>
</kw>
<kw name="Input Password" library="SeleniumLibrary">
<arg>id:login-password</arg>
<arg>${password_text}</arg>
<doc>Types the given password into the text field identified by ``locator``.</doc>
<status status="NOT RUN" starttime="20221120 21:30:25.391" endtime="20221120 21:30:25.391"/>
</kw>
<kw name="Click Element" library="SeleniumLibrary">
<arg>id:login-button</arg>
<doc>Click the element identified by ``locator``.</doc>
<status status="NOT RUN" starttime="20221120 21:30:25.392" endtime="20221120 21:30:25.392"/>
</kw>
<kw name="Wait Until Element Is Visible" library="SeleniumLibrary">
<arg>//*[@id="root"]/div/div[2]/div/div/div[3]/button/div[1]</arg>
<doc>Waits until the element ``locator`` is visible.</doc>
<status status="NOT RUN" starttime="20221120 21:30:25.394" endtime="20221120 21:30:25.394"/>
</kw>
<kw name="Click Element" library="SeleniumLibrary">
<arg>xpath://*[@id="root"]/div/div[2]/div/div/div[3]/button/div[1]</arg>
<doc>Click the element identified by ``locator``.</doc>
<status status="NOT RUN" starttime="20221120 21:30:25.397" endtime="20221120 21:30:25.397"/>
</kw>
<kw name="Wait Until Element Is Visible" library="SeleniumLibrary">
<arg>id:logout-button</arg>
<doc>Waits until the element ``locator`` is visible.</doc>
<status status="NOT RUN" starttime="20221120 21:30:25.401" endtime="20221120 21:30:25.401"/>
</kw>
<kw name="Click Element" library="SeleniumLibrary">
<arg>id:logout-button</arg>
<doc>Click the element identified by ``locator``.</doc>
<status status="NOT RUN" starttime="20221120 21:30:25.402" endtime="20221120 21:30:25.403"/>
</kw>
<status status="FAIL" starttime="20221120 21:29:52.154" endtime="20221120 21:30:25.404">NoSuchWindowException: Message: no such window: target window already closed
from unknown error: web view not found
  (Session info: chrome=107.0.5304.107)
Stacktrace:
Backtrace:
	Ordinal0 [0x00901ED3+2236115]
	Ordinal0 [0x008992F1+1807089]
	Ordinal0 [0x007A66FD+812797]
	Ordinal0 [0x0078DFFA+712698]
	Ordinal0 [0x007F506B+1134699]
	Ordinal0 [0x0080514A+1200458]
	Ordinal0 [0x007F18A6+1120422]
	Ordinal0 [0x007CA73D+960317]
	Ordinal0 [0x007CB71F+964383]
	GetHandleVerifier [0x00BAE7E2+2743074]
	GetHandleVerifier [0x00BA08D4+2685972]
	GetHandleVerifier [0x00992BAA+532202]
	GetHandleVerifier [0x00991990+527568]
	Ordinal0 [0x008A080C+1837068]
	Ordinal0 [0x008A4CD8+1854680]
	Ordinal0 [0x008A4DC5+1854917]
	Ordinal0 [0x008AED64+1895780]
	BaseThreadInitThunk [0x770CFEF9+25]
	RtlGetAppContainerNamedObjectPath [0x774C7BBE+286]
	RtlGetAppContainerNamedObjectPath [0x774C7B8E+238]
</status>
</test>
<test id="s1-t2" name="Test Login-with-shortcut-keys" line="29">
<kw name="Open Browser" library="SeleniumLibrary">
<arg>${SERVER}</arg>
<arg>${BROWSER}</arg>
<doc>Opens a new browser instance to the optional ``url``.</doc>
<msg timestamp="20221120 21:30:25.430" level="INFO">Opening browser 'chrome' to base url 'http://localhost:3000'.</msg>
<status status="PASS" starttime="20221120 21:30:25.423" endtime="20221120 21:30:29.551"/>
</kw>
<kw name="Press Keys" library="SeleniumLibrary">
<arg>text_field</arg>
<arg>SHIFT+E</arg>
<doc>Simulates the user pressing key(s) to an element or on the active browser.</doc>
<msg timestamp="20221120 21:30:29.556" level="INFO">Sending key(s) ('SHIFT+E',) to text_field element.</msg>
<msg timestamp="20221120 21:30:29.970" level="INFO" html="true">&lt;/td&gt;&lt;/tr&gt;&lt;tr&gt;&lt;td colspan="3"&gt;&lt;a href="selenium-screenshot-1.png"&gt;&lt;img src="selenium-screenshot-1.png" width="800px"&gt;&lt;/a&gt;</msg>
<msg timestamp="20221120 21:30:29.970" level="FAIL">Element with locator 'text_field' not found.</msg>
<status status="FAIL" starttime="20221120 21:30:29.554" endtime="20221120 21:30:30.003"/>
</kw>
<status status="FAIL" starttime="20221120 21:30:25.420" endtime="20221120 21:30:30.005">Element with locator 'text_field' not found.</status>
</test>
<status status="FAIL" starttime="20221120 21:29:50.384" endtime="20221120 21:30:30.014"/>
</suite>
<statistics>
<total>
<stat pass="0" fail="2" skip="0">All Tests</stat>
</total>
<tag>
</tag>
<suite>
<stat pass="0" fail="2" skip="0" id="s1" name="Testcase">Testcase</stat>
</suite>
</statistics>
<errors>
<msg timestamp="20221120 21:30:25.041" level="WARN">Keyword 'Capture Page Screenshot' could not be run on failure: Message: no such window: target window already closed
from unknown error: web view not found
  (Session info: chrome=107.0.5304.107)
Stacktrace:
Backtrace:
	Ordinal0 [0x00901ED3+2236115]
	Ordinal0 [0x008992F1+1807089]
	Ordinal0 [0x007A66FD+812797]
	Ordinal0 [0x0078DFFA+712698]
	Ordinal0 [0x007F506B+1134699]
	Ordinal0 [0x0080514A+1200458]
	Ordinal0 [0x007F18A6+1120422]
	Ordinal0 [0x007CA73D+960317]
	Ordinal0 [0x007CB71F+964383]
	GetHandleVerifier [0x00BAE7E2+2743074]
	GetHandleVerifier [0x00BA08D4+2685972]
	GetHandleVerifier [0x00992BAA+532202]
	GetHandleVerifier [0x00991990+527568]
	Ordinal0 [0x008A080C+1837068]
	Ordinal0 [0x008A4CD8+1854680]
	Ordinal0 [0x008A4DC5+1854917]
	Ordinal0 [0x008AED64+1895780]
	BaseThreadInitThunk [0x770CFEF9+25]
	RtlGetAppContainerNamedObjectPath [0x774C7BBE+286]
	RtlGetAppContainerNamedObjectPath [0x774C7B8E+238]
</msg>
</errors>
</robot>
